{"C:\\Users\\ACER\\Desktop\\projecto2\\proyecto\\mock\\fileMock.js": {"path":"C:\\Users\\ACER\\Desktop\\projecto2\\proyecto\\mock\\fileMock.js","statementMap":{},"fnMap":{},"branchMap":{},"s":{},"f":{},"b":{},"_coverageSchema":"1a1c01bbd47fc00a2c39e90264f33305004495a9","hash":"010638cb9aa38a511443a85084c100db66e94bb6"}
,"C:\\Users\\ACER\\Desktop\\projecto2\\proyecto\\src\\components\\Product.jsx": {"path":"C:\\Users\\ACER\\Desktop\\projecto2\\proyecto\\src\\components\\Product.jsx","statementMap":{"0":{"start":{"line":7,"column":82},"end":{"line":7,"column":87}},"1":{"start":{"line":9,"column":2},"end":{"line":23,"column":3}},"2":{"start":{"line":19,"column":27},"end":{"line":19,"column":43}},"3":{"start":{"line":27,"column":27},"end":{"line":27,"column":73}},"4":{"start":{"line":28,"column":4},"end":{"line":28,"column":31}},"5":{"start":{"line":29,"column":4},"end":{"line":29,"column":65}}},"fnMap":{"0":{"name":"Product","decl":{"start":{"line":6,"column":24},"end":{"line":6,"column":31}},"loc":{"start":{"line":6,"column":39},"end":{"line":24,"column":1}},"line":6},"1":{"name":"(anonymous_1)","decl":{"start":{"line":19,"column":22},"end":{"line":19,"column":23}},"loc":{"start":{"line":19,"column":26},"end":{"line":19,"column":44}},"line":19},"2":{"name":"addToCart","decl":{"start":{"line":26,"column":9},"end":{"line":26,"column":18}},"loc":{"start":{"line":26,"column":26},"end":{"line":30,"column":1}},"line":26}},"branchMap":{"0":{"loc":{"start":{"line":27,"column":27},"end":{"line":27,"column":73}},"type":"binary-expr","locations":[{"start":{"line":27,"column":27},"end":{"line":27,"column":67}},{"start":{"line":27,"column":71},"end":{"line":27,"column":73}}],"line":27}},"s":{"0":25,"1":25,"2":1,"3":1,"4":1,"5":1},"f":{"0":25,"1":1,"2":1},"b":{"0":[1,0]},"_coverageSchema":"1a1c01bbd47fc00a2c39e90264f33305004495a9","hash":"bdee3ce3bad5ab660b1f2114482f14c2f0d7758f"}
,"C:\\Users\\ACER\\Desktop\\projecto2\\proyecto\\src\\page\\accesorios.jsx": {"path":"C:\\Users\\ACER\\Desktop\\projecto2\\proyecto\\src\\page\\accesorios.jsx","statementMap":{"0":{"start":{"line":12,"column":2},"end":{"line":102,"column":3}}},"fnMap":{"0":{"name":"accesorios","decl":{"start":{"line":11,"column":24},"end":{"line":11,"column":34}},"loc":{"start":{"line":11,"column":37},"end":{"line":103,"column":1}},"line":11}},"branchMap":{},"s":{"0":1},"f":{"0":1},"b":{},"_coverageSchema":"1a1c01bbd47fc00a2c39e90264f33305004495a9","hash":"7a8ec8c6e612dd75f02c62c3c5b96992553acc9a"}
,"C:\\Users\\ACER\\Desktop\\projecto2\\proyecto\\src\\page\\computadora.jsx": {"path":"C:\\Users\\ACER\\Desktop\\projecto2\\proyecto\\src\\page\\computadora.jsx","statementMap":{"0":{"start":{"line":10,"column":2},"end":{"line":74,"column":3}}},"fnMap":{"0":{"name":"computadora","decl":{"start":{"line":9,"column":24},"end":{"line":9,"column":35}},"loc":{"start":{"line":9,"column":38},"end":{"line":75,"column":1}},"line":9}},"branchMap":{},"s":{"0":1},"f":{"0":1},"b":{},"_coverageSchema":"1a1c01bbd47fc00a2c39e90264f33305004495a9","hash":"f765b2272a5380b07c5ca3279f0ad7c537e042a1"}
,"C:\\Users\\ACER\\Desktop\\projecto2\\proyecto\\src\\page\\consolas.jsx": {"path":"C:\\Users\\ACER\\Desktop\\projecto2\\proyecto\\src\\page\\consolas.jsx","statementMap":{"0":{"start":{"line":11,"column":2},"end":{"line":96,"column":3}}},"fnMap":{"0":{"name":"consolas","decl":{"start":{"line":10,"column":24},"end":{"line":10,"column":32}},"loc":{"start":{"line":10,"column":35},"end":{"line":97,"column":1}},"line":10}},"branchMap":{},"s":{"0":1},"f":{"0":1},"b":{},"_coverageSchema":"1a1c01bbd47fc00a2c39e90264f33305004495a9","hash":"75c5a964005528d738b152a1e8289e6cc3d53c1d"}
,"C:\\Users\\ACER\\Desktop\\projecto2\\proyecto\\src\\page\\formulario.jsx": {"path":"C:\\Users\\ACER\\Desktop\\projecto2\\proyecto\\src\\page\\formulario.jsx","statementMap":{"0":{"start":{"line":6,"column":30},"end":{"line":6,"column":42}},"1":{"start":{"line":7,"column":28},"end":{"line":7,"column":40}},"2":{"start":{"line":8,"column":30},"end":{"line":8,"column":42}},"3":{"start":{"line":9,"column":30},"end":{"line":9,"column":42}},"4":{"start":{"line":10,"column":26},"end":{"line":10,"column":38}},"5":{"start":{"line":11,"column":32},"end":{"line":11,"column":44}},"6":{"start":{"line":12,"column":36},"end":{"line":12,"column":48}},"7":{"start":{"line":14,"column":19},"end":{"line":14,"column":32}},"8":{"start":{"line":15,"column":22},"end":{"line":17,"column":3}},"9":{"start":{"line":16,"column":4},"end":{"line":16,"column":23}},"10":{"start":{"line":19,"column":29},"end":{"line":27,"column":3}},"11":{"start":{"line":20,"column":4},"end":{"line":26,"column":5}},"12":{"start":{"line":21,"column":6},"end":{"line":21,"column":65}},"13":{"start":{"line":22,"column":6},"end":{"line":22,"column":13}},"14":{"start":{"line":24,"column":6},"end":{"line":24,"column":23}},"15":{"start":{"line":25,"column":6},"end":{"line":25,"column":13}},"16":{"start":{"line":29,"column":23},"end":{"line":59,"column":3}},"17":{"start":{"line":30,"column":4},"end":{"line":30,"column":23}},"18":{"start":{"line":32,"column":4},"end":{"line":35,"column":5}},"19":{"start":{"line":33,"column":6},"end":{"line":33,"column":58}},"20":{"start":{"line":34,"column":6},"end":{"line":34,"column":13}},"21":{"start":{"line":36,"column":0},"end":{"line":36,"column":6}},"22":{"start":{"line":37,"column":4},"end":{"line":40,"column":5}},"23":{"start":{"line":38,"column":6},"end":{"line":38,"column":59}},"24":{"start":{"line":39,"column":6},"end":{"line":39,"column":13}},"25":{"start":{"line":41,"column":0},"end":{"line":41,"column":6}},"26":{"start":{"line":42,"column":4},"end":{"line":45,"column":5}},"27":{"start":{"line":43,"column":6},"end":{"line":43,"column":45}},"28":{"start":{"line":44,"column":6},"end":{"line":44,"column":13}},"29":{"start":{"line":46,"column":4},"end":{"line":49,"column":5}},"30":{"start":{"line":47,"column":6},"end":{"line":47,"column":45}},"31":{"start":{"line":48,"column":6},"end":{"line":48,"column":13}},"32":{"start":{"line":51,"column":4},"end":{"line":54,"column":5}},"33":{"start":{"line":52,"column":6},"end":{"line":52,"column":62}},"34":{"start":{"line":53,"column":6},"end":{"line":53,"column":13}},"35":{"start":{"line":56,"column":4},"end":{"line":56,"column":19}},"36":{"start":{"line":57,"column":4},"end":{"line":57,"column":48}},"37":{"start":{"line":58,"column":4},"end":{"line":58,"column":18}},"38":{"start":{"line":61,"column":2},"end":{"line":146,"column":4}},"39":{"start":{"line":71,"column":27},"end":{"line":71,"column":52}},"40":{"start":{"line":93,"column":28},"end":{"line":93,"column":53}},"41":{"start":{"line":93,"column":54},"end":{"line":93,"column":89}},"42":{"start":{"line":105,"column":27},"end":{"line":105,"column":52}},"43":{"start":{"line":116,"column":27},"end":{"line":116,"column":52}},"44":{"start":{"line":127,"column":27},"end":{"line":127,"column":50}},"45":{"start":{"line":136,"column":64},"end":{"line":136,"column":78}}},"fnMap":{"0":{"name":"Formulario","decl":{"start":{"line":5,"column":24},"end":{"line":5,"column":34}},"loc":{"start":{"line":5,"column":37},"end":{"line":147,"column":1}},"line":5},"1":{"name":"(anonymous_1)","decl":{"start":{"line":15,"column":22},"end":{"line":15,"column":23}},"loc":{"start":{"line":15,"column":28},"end":{"line":17,"column":3}},"line":15},"2":{"name":"(anonymous_2)","decl":{"start":{"line":19,"column":29},"end":{"line":19,"column":30}},"loc":{"start":{"line":19,"column":40},"end":{"line":27,"column":3}},"line":19},"3":{"name":"(anonymous_3)","decl":{"start":{"line":29,"column":23},"end":{"line":29,"column":24}},"loc":{"start":{"line":29,"column":30},"end":{"line":59,"column":3}},"line":29},"4":{"name":"(anonymous_4)","decl":{"start":{"line":71,"column":20},"end":{"line":71,"column":21}},"loc":{"start":{"line":71,"column":27},"end":{"line":71,"column":52}},"line":71},"5":{"name":"(anonymous_5)","decl":{"start":{"line":93,"column":20},"end":{"line":93,"column":21}},"loc":{"start":{"line":93,"column":27},"end":{"line":93,"column":91}},"line":93},"6":{"name":"(anonymous_6)","decl":{"start":{"line":105,"column":20},"end":{"line":105,"column":21}},"loc":{"start":{"line":105,"column":27},"end":{"line":105,"column":52}},"line":105},"7":{"name":"(anonymous_7)","decl":{"start":{"line":116,"column":20},"end":{"line":116,"column":21}},"loc":{"start":{"line":116,"column":27},"end":{"line":116,"column":52}},"line":116},"8":{"name":"(anonymous_8)","decl":{"start":{"line":127,"column":20},"end":{"line":127,"column":21}},"loc":{"start":{"line":127,"column":27},"end":{"line":127,"column":50}},"line":127},"9":{"name":"(anonymous_9)","decl":{"start":{"line":136,"column":58},"end":{"line":136,"column":59}},"loc":{"start":{"line":136,"column":64},"end":{"line":136,"column":78}},"line":136}},"branchMap":{"0":{"loc":{"start":{"line":20,"column":4},"end":{"line":26,"column":5}},"type":"if","locations":[{"start":{"line":20,"column":4},"end":{"line":26,"column":5}},{"start":{"line":23,"column":9},"end":{"line":26,"column":5}}],"line":20},"1":{"loc":{"start":{"line":32,"column":4},"end":{"line":35,"column":5}},"type":"if","locations":[{"start":{"line":32,"column":4},"end":{"line":35,"column":5}},{"start":{},"end":{}}],"line":32},"2":{"loc":{"start":{"line":37,"column":4},"end":{"line":40,"column":5}},"type":"if","locations":[{"start":{"line":37,"column":4},"end":{"line":40,"column":5}},{"start":{},"end":{}}],"line":37},"3":{"loc":{"start":{"line":42,"column":4},"end":{"line":45,"column":5}},"type":"if","locations":[{"start":{"line":42,"column":4},"end":{"line":45,"column":5}},{"start":{},"end":{}}],"line":42},"4":{"loc":{"start":{"line":42,"column":8},"end":{"line":42,"column":42}},"type":"binary-expr","locations":[{"start":{"line":42,"column":8},"end":{"line":42,"column":25}},{"start":{"line":42,"column":29},"end":{"line":42,"column":42}}],"line":42},"5":{"loc":{"start":{"line":46,"column":4},"end":{"line":49,"column":5}},"type":"if","locations":[{"start":{"line":46,"column":4},"end":{"line":49,"column":5}},{"start":{},"end":{}}],"line":46},"6":{"loc":{"start":{"line":46,"column":8},"end":{"line":46,"column":34}},"type":"binary-expr","locations":[{"start":{"line":46,"column":8},"end":{"line":46,"column":19}},{"start":{"line":46,"column":23},"end":{"line":46,"column":34}}],"line":46},"7":{"loc":{"start":{"line":51,"column":4},"end":{"line":54,"column":5}},"type":"if","locations":[{"start":{"line":51,"column":4},"end":{"line":54,"column":5}},{"start":{},"end":{}}],"line":51},"8":{"loc":{"start":{"line":72,"column":21},"end":{"line":72,"column":74}},"type":"cond-expr","locations":[{"start":{"line":72,"column":62},"end":{"line":72,"column":69}},{"start":{"line":72,"column":72},"end":{"line":72,"column":74}}],"line":72},"9":{"loc":{"start":{"line":72,"column":21},"end":{"line":72,"column":59}},"type":"binary-expr","locations":[{"start":{"line":72,"column":21},"end":{"line":72,"column":38}},{"start":{"line":72,"column":42},"end":{"line":72,"column":59}}],"line":72},"10":{"loc":{"start":{"line":94,"column":21},"end":{"line":94,"column":76}},"type":"cond-expr","locations":[{"start":{"line":94,"column":64},"end":{"line":94,"column":71}},{"start":{"line":94,"column":74},"end":{"line":94,"column":76}}],"line":94},"11":{"loc":{"start":{"line":94,"column":21},"end":{"line":94,"column":61}},"type":"binary-expr","locations":[{"start":{"line":94,"column":21},"end":{"line":94,"column":37}},{"start":{"line":94,"column":41},"end":{"line":94,"column":61}}],"line":94},"12":{"loc":{"start":{"line":117,"column":21},"end":{"line":117,"column":74}},"type":"cond-expr","locations":[{"start":{"line":117,"column":62},"end":{"line":117,"column":69}},{"start":{"line":117,"column":72},"end":{"line":117,"column":74}}],"line":117},"13":{"loc":{"start":{"line":117,"column":21},"end":{"line":117,"column":59}},"type":"binary-expr","locations":[{"start":{"line":117,"column":21},"end":{"line":117,"column":38}},{"start":{"line":117,"column":42},"end":{"line":117,"column":59}}],"line":117},"14":{"loc":{"start":{"line":128,"column":21},"end":{"line":128,"column":53}},"type":"cond-expr","locations":[{"start":{"line":128,"column":41},"end":{"line":128,"column":48}},{"start":{"line":128,"column":51},"end":{"line":128,"column":53}}],"line":128},"15":{"loc":{"start":{"line":128,"column":21},"end":{"line":128,"column":38}},"type":"binary-expr","locations":[{"start":{"line":128,"column":21},"end":{"line":128,"column":25}},{"start":{"line":128,"column":29},"end":{"line":128,"column":38}}],"line":128},"16":{"loc":{"start":{"line":132,"column":9},"end":{"line":134,"column":9}},"type":"binary-expr","locations":[{"start":{"line":132,"column":9},"end":{"line":132,"column":13}},{"start":{"line":132,"column":17},"end":{"line":132,"column":26}},{"start":{"line":133,"column":10},"end":{"line":133,"column":75}}],"line":132},"17":{"loc":{"start":{"line":143,"column":7},"end":{"line":143,"column":72}},"type":"binary-expr","locations":[{"start":{"line":143,"column":7},"end":{"line":143,"column":14}},{"start":{"line":143,"column":18},"end":{"line":143,"column":72}}],"line":143},"18":{"loc":{"start":{"line":144,"column":7},"end":{"line":144,"column":80}},"type":"binary-expr","locations":[{"start":{"line":144,"column":7},"end":{"line":144,"column":16}},{"start":{"line":144,"column":20},"end":{"line":144,"column":80}}],"line":144}},"s":{"0":1,"1":1,"2":1,"3":1,"4":1,"5":1,"6":1,"7":1,"8":1,"9":0,"10":1,"11":0,"12":0,"13":0,"14":0,"15":0,"16":1,"17":0,"18":0,"19":0,"20":0,"21":0,"22":0,"23":0,"24":0,"25":0,"26":0,"27":0,"28":0,"29":0,"30":0,"31":0,"32":0,"33":0,"34":0,"35":0,"36":0,"37":0,"38":1,"39":0,"40":0,"41":0,"42":0,"43":0,"44":0,"45":0},"f":{"0":1,"1":0,"2":0,"3":0,"4":0,"5":0,"6":0,"7":0,"8":0,"9":0},"b":{"0":[0,0],"1":[0,0],"2":[0,0],"3":[0,0],"4":[0,0],"5":[0,0],"6":[0,0],"7":[0,0],"8":[0,1],"9":[1,0],"10":[0,1],"11":[1,0],"12":[0,1],"13":[1,0],"14":[0,1],"15":[1,0],"16":[1,0,0],"17":[1,0],"18":[1,0]},"_coverageSchema":"1a1c01bbd47fc00a2c39e90264f33305004495a9","hash":"265167b540f617f04ab4c7da2f2e300a20bb6a11"}
,"C:\\Users\\ACER\\Desktop\\projecto2\\proyecto\\src\\page\\juegodemesa.jsx": {"path":"C:\\Users\\ACER\\Desktop\\projecto2\\proyecto\\src\\page\\juegodemesa.jsx","statementMap":{"0":{"start":{"line":13,"column":2},"end":{"line":129,"column":3}}},"fnMap":{"0":{"name":"juegodemesa","decl":{"start":{"line":12,"column":24},"end":{"line":12,"column":35}},"loc":{"start":{"line":12,"column":38},"end":{"line":130,"column":1}},"line":12}},"branchMap":{},"s":{"0":1},"f":{"0":1},"b":{},"_coverageSchema":"1a1c01bbd47fc00a2c39e90264f33305004495a9","hash":"8473c94f4811ab6407d398c09c3828ade541650d"}
,"C:\\Users\\ACER\\Desktop\\projecto2\\proyecto\\src\\page\\mouse.jsx": {"path":"C:\\Users\\ACER\\Desktop\\projecto2\\proyecto\\src\\page\\mouse.jsx","statementMap":{"0":{"start":{"line":9,"column":2},"end":{"line":79,"column":3}}},"fnMap":{"0":{"name":"mouse","decl":{"start":{"line":8,"column":24},"end":{"line":8,"column":29}},"loc":{"start":{"line":8,"column":32},"end":{"line":80,"column":1}},"line":8}},"branchMap":{},"s":{"0":1},"f":{"0":1},"b":{},"_coverageSchema":"1a1c01bbd47fc00a2c39e90264f33305004495a9","hash":"a560b45894c863306eee55d1f68fefc84fa3a64a"}
,"C:\\Users\\ACER\\Desktop\\projecto2\\proyecto\\src\\page\\mousepad.jsx": {"path":"C:\\Users\\ACER\\Desktop\\projecto2\\proyecto\\src\\page\\mousepad.jsx","statementMap":{"0":{"start":{"line":9,"column":2},"end":{"line":75,"column":3}}},"fnMap":{"0":{"name":"mousepad","decl":{"start":{"line":8,"column":24},"end":{"line":8,"column":32}},"loc":{"start":{"line":8,"column":35},"end":{"line":76,"column":1}},"line":8}},"branchMap":{},"s":{"0":1},"f":{"0":1},"b":{},"_coverageSchema":"1a1c01bbd47fc00a2c39e90264f33305004495a9","hash":"d6f6ab9b21c4709acdea8d602eb3f5f5b20bb0c7"}
,"C:\\Users\\ACER\\Desktop\\projecto2\\proyecto\\src\\page\\poleras.jsx": {"path":"C:\\Users\\ACER\\Desktop\\projecto2\\proyecto\\src\\page\\poleras.jsx","statementMap":{"0":{"start":{"line":11,"column":2},"end":{"line":81,"column":3}}},"fnMap":{"0":{"name":"poleras","decl":{"start":{"line":10,"column":24},"end":{"line":10,"column":31}},"loc":{"start":{"line":10,"column":34},"end":{"line":82,"column":1}},"line":10}},"branchMap":{},"s":{"0":1},"f":{"0":1},"b":{},"_coverageSchema":"1a1c01bbd47fc00a2c39e90264f33305004495a9","hash":"2e4344a39a4a69ff318255f7fcfdd84cd5e9c451"}
,"C:\\Users\\ACER\\Desktop\\projecto2\\proyecto\\src\\page\\polerones.jsx": {"path":"C:\\Users\\ACER\\Desktop\\projecto2\\proyecto\\src\\page\\polerones.jsx","statementMap":{"0":{"start":{"line":9,"column":2},"end":{"line":73,"column":3}}},"fnMap":{"0":{"name":"polerones","decl":{"start":{"line":8,"column":24},"end":{"line":8,"column":33}},"loc":{"start":{"line":8,"column":36},"end":{"line":74,"column":1}},"line":8}},"branchMap":{},"s":{"0":1},"f":{"0":1},"b":{},"_coverageSchema":"1a1c01bbd47fc00a2c39e90264f33305004495a9","hash":"24c11ee06ec07836d42ae0f946c8bb93b0b055b8"}
,"C:\\Users\\ACER\\Desktop\\projecto2\\proyecto\\src\\page\\silla.jsx": {"path":"C:\\Users\\ACER\\Desktop\\projecto2\\proyecto\\src\\page\\silla.jsx","statementMap":{"0":{"start":{"line":11,"column":2},"end":{"line":75,"column":3}}},"fnMap":{"0":{"name":"silla","decl":{"start":{"line":10,"column":24},"end":{"line":10,"column":29}},"loc":{"start":{"line":10,"column":32},"end":{"line":76,"column":1}},"line":10}},"branchMap":{},"s":{"0":1},"f":{"0":1},"b":{},"_coverageSchema":"1a1c01bbd47fc00a2c39e90264f33305004495a9","hash":"6900c803ef63a1f17cdd494a0c76eb099e077738"}
}
