TN:
SF:mock\fileMock.js
FNF:0
FNH:0
LF:0
LH:0
BRF:0
BRH:0
end_of_record
TN:
SF:src\components\Product.jsx
FN:6,Product
FN:19,(anonymous_1)
FN:26,addToCart
FNF:3
FNH:3
FNDA:25,Product
FNDA:1,(anonymous_1)
FNDA:1,addToCart
DA:7,25
DA:9,25
DA:19,1
DA:27,1
DA:28,1
DA:29,1
LF:6
LH:6
BRDA:27,0,0,1
BRDA:27,0,1,0
BRF:2
BRH:1
end_of_record
TN:
SF:src\page\accesorios.jsx
FN:11,accesorios
FNF:1
FNH:1
FNDA:1,accesorios
DA:12,1
LF:1
LH:1
BRF:0
BRH:0
end_of_record
TN:
SF:src\page\computadora.jsx
FN:9,computadora
FNF:1
FNH:1
FNDA:1,computadora
DA:10,1
LF:1
LH:1
BRF:0
BRH:0
end_of_record
TN:
SF:src\page\consolas.jsx
FN:10,consolas
FNF:1
FNH:1
FNDA:1,consolas
DA:11,1
LF:1
LH:1
BRF:0
BRH:0
end_of_record
TN:
SF:src\page\formulario.jsx
FN:4,Formulario
FN:12,(anonymous_1)
FN:53,(anonymous_2)
FN:75,(anonymous_3)
FN:87,(anonymous_4)
FN:98,(anonymous_5)
FN:109,(anonymous_6)
FN:118,(anonymous_7)
FNF:8
FNH:1
FNDA:1,Formulario
FNDA:0,(anonymous_1)
FNDA:0,(anonymous_2)
FNDA:0,(anonymous_3)
FNDA:0,(anonymous_4)
FNDA:0,(anonymous_5)
FNDA:0,(anonymous_6)
FNDA:0,(anonymous_7)
DA:5,1
DA:6,1
DA:7,1
DA:8,1
DA:9,1
DA:10,1
DA:12,1
DA:13,0
DA:15,0
DA:16,0
DA:17,0
DA:19,0
DA:20,0
DA:21,0
DA:22,0
DA:24,0
DA:25,0
DA:26,0
DA:27,0
DA:29,0
DA:30,0
DA:31,0
DA:34,0
DA:35,0
DA:36,0
DA:39,0
DA:40,0
DA:43,1
DA:53,0
DA:75,0
DA:87,0
DA:98,0
DA:109,0
DA:118,0
LF:34
LH:8
BRDA:15,0,0,0
BRDA:15,0,1,0
BRDA:20,1,0,0
BRDA:20,1,1,0
BRDA:25,2,0,0
BRDA:25,2,1,0
BRDA:25,3,0,0
BRDA:25,3,1,0
BRDA:29,4,0,0
BRDA:29,4,1,0
BRDA:29,5,0,0
BRDA:29,5,1,0
BRDA:34,6,0,0
BRDA:34,6,1,0
BRDA:54,7,0,0
BRDA:54,7,1,1
BRDA:54,8,0,1
BRDA:54,8,1,0
BRDA:76,9,0,0
BRDA:76,9,1,1
BRDA:76,10,0,1
BRDA:76,10,1,0
BRDA:99,11,0,0
BRDA:99,11,1,1
BRDA:99,12,0,1
BRDA:99,12,1,0
BRDA:110,13,0,0
BRDA:110,13,1,1
BRDA:110,14,0,1
BRDA:110,14,1,0
BRDA:114,15,0,1
BRDA:114,15,1,0
BRDA:114,15,2,0
BRDA:125,16,0,1
BRDA:125,16,1,0
BRF:35
BRH:10
end_of_record
TN:
SF:src\page\juegodemesa.jsx
FN:12,juegodemesa
FNF:1
FNH:1
FNDA:1,juegodemesa
DA:13,1
LF:1
LH:1
BRF:0
BRH:0
end_of_record
TN:
SF:src\page\mouse.jsx
FN:8,mouse
FNF:1
FNH:1
FNDA:1,mouse
DA:9,1
LF:1
LH:1
BRF:0
BRH:0
end_of_record
TN:
SF:src\page\mousepad.jsx
FN:8,mousepad
FNF:1
FNH:1
FNDA:1,mousepad
DA:9,1
LF:1
LH:1
BRF:0
BRH:0
end_of_record
TN:
SF:src\page\poleras.jsx
FN:10,poleras
FNF:1
FNH:1
FNDA:1,poleras
DA:11,1
LF:1
LH:1
BRF:0
BRH:0
end_of_record
TN:
SF:src\page\polerones.jsx
FN:8,polerones
FNF:1
FNH:1
FNDA:1,polerones
DA:9,1
LF:1
LH:1
BRF:0
BRH:0
end_of_record
TN:
SF:src\page\silla.jsx
FN:10,silla
FNF:1
FNH:1
FNDA:1,silla
DA:11,1
LF:1
LH:1
BRF:0
BRH:0
end_of_record
