TN:
SF:mock\fileMock.js
FNF:0
FNH:0
LF:0
LH:0
BRF:0
BRH:0
end_of_record
TN:
SF:src\components\Product.jsx
FN:4,Product
FN:17,(anonymous_1)
FN:24,addToCart
FNF:3
FNH:3
FNDA:25,Product
FNDA:1,(anonymous_1)
FNDA:1,addToCart
DA:5,25
DA:7,25
DA:17,1
DA:25,1
DA:26,1
DA:27,1
LF:6
LH:6
BRDA:25,0,0,1
BRDA:25,0,1,0
BRF:2
BRH:1
end_of_record
TN:
SF:src\page\accesorios.jsx
FN:11,accesorios
FNF:1
FNH:1
FNDA:1,accesorios
DA:12,1
LF:1
LH:1
BRF:0
BRH:0
end_of_record
TN:
SF:src\page\computadora.jsx
FN:9,computadora
FNF:1
FNH:1
FNDA:1,computadora
DA:10,1
LF:1
LH:1
BRF:0
BRH:0
end_of_record
TN:
SF:src\page\consolas.jsx
FN:10,consolas
FNF:1
FNH:1
FNDA:1,consolas
DA:11,1
LF:1
LH:1
BRF:0
BRH:0
end_of_record
TN:
SF:src\page\formulario.jsx
FN:5,Formulario
FN:15,(anonymous_1)
FN:19,(anonymous_2)
FN:27,(anonymous_3)
FN:56,(anonymous_4)
FN:60,(anonymous_5)
FN:76,(anonymous_6)
FN:88,(anonymous_7)
FN:103,(anonymous_8)
FN:114,(anonymous_9)
FNF:10
FNH:1
FNDA:1,Formulario
FNDA:0,(anonymous_1)
FNDA:0,(anonymous_2)
FNDA:0,(anonymous_3)
FNDA:0,(anonymous_4)
FNDA:0,(anonymous_5)
FNDA:0,(anonymous_6)
FNDA:0,(anonymous_7)
FNDA:0,(anonymous_8)
FNDA:0,(anonymous_9)
DA:6,1
DA:7,1
DA:8,1
DA:9,1
DA:10,1
DA:11,1
DA:13,1
DA:15,1
DA:16,0
DA:19,1
DA:20,0
DA:21,0
DA:23,0
DA:27,1
DA:28,0
DA:31,0
DA:32,0
DA:33,0
DA:35,0
DA:36,0
DA:37,0
DA:39,0
DA:40,0
DA:41,0
DA:44,0
DA:47,0
DA:55,0
DA:57,0
DA:58,0
DA:61,0
DA:62,0
DA:66,1
DA:76,0
DA:89,0
DA:90,0
DA:103,0
DA:114,0
LF:37
LH:11
BRDA:20,0,0,0
BRDA:20,0,1,0
BRDA:31,1,0,0
BRDA:31,1,1,0
BRDA:35,2,0,0
BRDA:35,2,1,0
BRDA:39,3,0,0
BRDA:39,3,1,0
BRDA:78,4,0,0
BRDA:78,4,1,1
BRDA:78,5,0,1
BRDA:78,5,1,0
BRDA:93,6,0,0
BRDA:93,6,1,1
BRDA:93,7,0,1
BRDA:93,7,1,0
BRDA:115,8,0,0
BRDA:115,8,1,1
BRDA:115,9,0,1
BRDA:115,9,1,0
BRDA:120,10,0,1
BRDA:120,10,1,0
BRDA:124,11,0,1
BRDA:124,11,1,0
BRF:24
BRH:8
end_of_record
TN:
SF:src\page\juegodemesa.jsx
FN:12,juegodemesa
FNF:1
FNH:1
FNDA:1,juegodemesa
DA:13,1
LF:1
LH:1
BRF:0
BRH:0
end_of_record
TN:
SF:src\page\mouse.jsx
FN:8,mouse
FNF:1
FNH:1
FNDA:1,mouse
DA:9,1
LF:1
LH:1
BRF:0
BRH:0
end_of_record
TN:
SF:src\page\mousepad.jsx
FN:8,mousepad
FNF:1
FNH:1
FNDA:1,mousepad
DA:9,1
LF:1
LH:1
BRF:0
BRH:0
end_of_record
TN:
SF:src\page\poleras.jsx
FN:10,poleras
FNF:1
FNH:1
FNDA:1,poleras
DA:11,1
LF:1
LH:1
BRF:0
BRH:0
end_of_record
TN:
SF:src\page\polerones.jsx
FN:8,polerones
FNF:1
FNH:1
FNDA:1,polerones
DA:9,1
LF:1
LH:1
BRF:0
BRH:0
end_of_record
TN:
SF:src\page\silla.jsx
FN:10,silla
FNF:1
FNH:1
FNDA:1,silla
DA:11,1
LF:1
LH:1
BRF:0
BRH:0
end_of_record
TN:
SF:src\services\userServices.js
FN:9,(anonymous_0)
FN:14,(anonymous_1)
FN:19,(anonymous_2)
FN:24,(anonymous_3)
FN:29,(anonymous_4)
FN:34,(anonymous_5)
FNF:6
FNH:0
FNDA:0,(anonymous_0)
FNDA:0,(anonymous_1)
FNDA:0,(anonymous_2)
FNDA:0,(anonymous_3)
FNDA:0,(anonymous_4)
FNDA:0,(anonymous_5)
DA:3,1
DA:4,1
DA:10,0
DA:15,0
DA:20,0
DA:25,0
DA:30,0
DA:35,0
LF:8
LH:2
BRF:0
BRH:0
end_of_record
